ISim log file
Running: C:/Users/klaus_000/Documents/FPGAProjekt/HWP3/HWP3.sim/sim_1/behav/mips_top_testbench.exe -intstyle pa -gui -tclbatch isim.cmd -wdb mips_top_testbench.wdb 
ISim P.20131013 (signature 0x7708f090)
WARNING: A WEBPACK license was found.
WARNING: Please use Xilinx License Configuration Manager to check out a full ISim license.
WARNING: ISim will run in Lite mode. Please refer to the ISim documentation for more information on the differences between the Lite and the Full version.
This is a Lite version of ISim.
Time resolution is 1 ps
# onerror resume
# wave add /
# run 1000ns
Simulator is doing circuit initialization process.
at 0 ps, Instance /mips_top_testbench/dut/BYTE_CONTROLLER/ : Warning: NUMERIC_STD."=": metavalue detected, returning FALSE
Finished circuit initialization process.
# restart
# run all
Simulator is doing circuit initialization process.
at 0 ps, Instance /mips_top_testbench/dut/BYTE_CONTROLLER/ : Warning: NUMERIC_STD."=": metavalue detected, returning FALSE
Finished circuit initialization process.
Stopped at time : 80110460 ns : File "C:/Users/klaus_000/Documents/FPGAProjekt/HWP3/HWP3.srcs/sources_1/imports/I2C_zip/i2c_master_bit_ctrl.vhd" Line 237
# restart
# run all
Simulator is doing circuit initialization process.
at 0 ps, Instance /mips_top_testbench/dut/BYTE_CONTROLLER/ : Warning: NUMERIC_STD."=": metavalue detected, returning FALSE
Finished circuit initialization process.
Stopped at time : 27682660 ns : File "C:/Users/klaus_000/Documents/FPGAProjekt/HWP3/HWP3.srcs/sources_1/imports/I2C_zip/i2c_master_bit_ctrl.vhd" Line 237
ISim P.20131013 (signature 0x7708f090)
WARNING: A WEBPACK license was found.
WARNING: Please use Xilinx License Configuration Manager to check out a full ISim license.
WARNING: ISim will run in Lite mode. Please refer to the ISim documentation for more information on the differences between the Lite and the Full version.
This is a Lite version of ISim.
# run 1000ns
Simulator is doing circuit initialization process.
at 0 ps, Instance /mips_top_testbench/dut/BYTE_CONTROLLER/ : Warning: NUMERIC_STD."=": metavalue detected, returning FALSE
Finished circuit initialization process.
# restart
# run all
Simulator is doing circuit initialization process.
at 0 ps, Instance /mips_top_testbench/dut/BYTE_CONTROLLER/ : Warning: NUMERIC_STD."=": metavalue detected, returning FALSE
Finished circuit initialization process.
Stopped at time : 39691430 ns : File "C:/Users/klaus_000/Documents/FPGAProjekt/HWP3/HWP3.srcs/sources_1/imports/I2C_zip/i2c_master_bit_ctrl.vhd" Line 305
